<?xml version="1.0" encoding="UTF-8"?>
<!-- Generated by org.testng.reporters.JUnitXMLReporter -->
<testsuite hostname="Narendra-PC" name="Default test" tests="5" failures="0" timestamp="10 Jun 2017 17:28:44 GMT" time="1.697" errors="0">
  <testcase name="feature" time="0.0" classname="com.cucumber.testng.examples.RunCukesTest">
    <skipped/>
  </testcase> <!-- feature -->
  <testcase name="feature" time="0.0" classname="com.cucumber.testng.examples.RunCukesByFeatureAndCompositionTest1">
    <skipped/>
  </testcase> <!-- feature -->
  <testcase name="runCukes" time="0.628" classname="com.cucumber.testng.examples.RunCukesByCompositionGrp1_Test2"/>
  <testcase name="feature" time="0.0" classname="com.cucumber.testng.examples.RunCukesByFeatureAndCompositionTest2">
    <skipped/>
  </testcase> <!-- feature -->
  <testcase name="runCukes" time="0.068" classname="com.cucumber.testng.examples.RunCukesByCompositionGrp1_Test1"/>
</testsuite> <!-- Default test -->
